
  ___  ____  ____  ____  ____ ®
 /__    /   ____/   /   ____/      18.0
___/   /   /___/   /   /___/       BE—Basic Edition

 Statistics and Data Science       Copyright 1985-2023 StataCorp LLC
                                   StataCorp
                                   4905 Lakeway Drive
                                   College Station, Texas 77845 USA
                                   800-STATA-PC        https://www.stata.com
                                   979-696-4600        stata@stata.com

Stata license: Single-user , expiring 13 Jun 2024
Serial number: 301809319154
  Licensed to: Seth Dowden
               PSU

Notes:
      1. Stata is running in batch mode.
      2. Unicode is supported; see help unicode_advice.

. do "Seth_Dowden_main.do" 

. *------------------------------------------------------------------------------* 
. * Author: Seth Dowden
. * Date: October 8, 2023
. * Project: main
. *------------------------------------------------------------------------------*
. * Initalize Stata environment.
. clear all

. set more off

. set seed 42

. cd /Users/sethdowden/GitHub/StataProjectTimplate/stata
/Users/sethdowden/GitHub/StataProjectTimplate/stata

. 
. *------------------------------------------------------------------------------*
. * Readin data
. *------------------------------------------------------------------------------*
. use data/data.dta, clear
file data/data.dta not Stata format
r(610);

end of do-file
r(610);
